<?xml version="1.0" encoding="UTF-8"?>
<testng-results ignored="0" total="1" passed="1" failed="0" skipped="0">
  <reporter-output>
  </reporter-output>
  <suite started-at="2024-04-25T11:32:29 IST" name="Default suite" finished-at="2024-04-25T11:32:32 IST" duration-ms="3330">
    <groups>
    </groups>
    <test started-at="2024-04-25T11:32:29 IST" name="Default test" finished-at="2024-04-25T11:32:32 IST" duration-ms="3330">
      <class name="stepdefinition.Runner">
        <test-method signature="login()[pri:0, instance:stepdefinition.Runner@4efac082]" started-at="2024-04-25T11:32:29 IST" name="login" finished-at="2024-04-25T11:32:32 IST" duration-ms="3285" status="PASS">
          <reporter-output>
          </reporter-output>
        </test-method> <!-- login -->
      </class> <!-- stepdefinition.Runner -->
    </test> <!-- Default test -->
  </suite> <!-- Default suite -->
</testng-results>
